<?xml version="1.0" encoding="UTF-8"?>
<testsuite name="TestLexer" tests="1" skipped="0" failures="0" errors="0" timestamp="2025-02-26T15:05:00" hostname="ASUSTIM" time="0.016">
  <properties/>
  <testcase name="testComplete" classname="TestLexer" time="0.016"/>
  <system-out><![CDATA[Reading character: v
Starting identifier/keyword token
Identifier/keyword token complete: var
var identifier
<Symbol: IDENTIFIER, Lexeme: var>
Reading character:  
Reading character: x
Starting identifier/keyword token
Identifier/keyword token complete: x
x identifier
<Symbol: IDENTIFIER, Lexeme: x>
Reading character:  
Reading character: i
Starting identifier/keyword token
Identifier/keyword token complete: int
int identifier
<Symbol: IDENTIFIER, Lexeme: int>
Reading character:  
Reading character: =
equal detected
<Symbol: EQUAL, Lexeme: =>
Reading character:  
Reading character: 2
Starting number token
Number token complete: 2
<Symbol: NUMBER, Lexeme: 2>
Reading character: ;
semicolon detected
<Symbol: SEMICOLON, Lexeme: ;>
End of input reached
Symbol{type=EOF, lexeme='EOF', line=1}
]]></system-out>
  <system-err><![CDATA[]]></system-err>
</testsuite>
