<?xml version="1.0" encoding="UTF-8"?>
<testsuite name="TestLexer" tests="1" skipped="0" failures="0" errors="0" timestamp="2025-02-26T15:01:50" hostname="ASUSTIM" time="0.012">
  <properties/>
  <testcase name="testFloatToken3" classname="TestLexer" time="0.012"/>
  <system-out><![CDATA[Reading character:  
Reading character: x
Starting identifier/keyword token
Identifier/keyword token complete: x
x identifier
Reading character:  
Reading character: =
equal detected
Reading character:  
Reading character: .
Starting number token
Number token complete: .234.5
]]></system-out>
  <system-err><![CDATA[]]></system-err>
</testsuite>
